-------------------------------------------------------------------------------
Test set: cucumber.options.TestRunner
-------------------------------------------------------------------------------
Tests run: 3, Failures: 1, Errors: 0, Skipped: 0, Time elapsed: 10.819 s <<< FAILURE! - in cucumber.options.TestRunner
User Adds and deletes a pet(This feature is to perform pets management like update, add, delete.)  Time elapsed: 1.747 s  <<< FAILURE!
java.lang.AssertionError

